24-Apr-2023 14:33:44.508 INFO [main] org.apache.catalina.startup.VersionLoggerListener.log Nombre de la versión del servidor: Apache Tomcat/8.5.87
24-Apr-2023 14:33:44.536 INFO [main] org.apache.catalina.startup.VersionLoggerListener.log Server built:                      Feb 27 2023 19:32:33 UTC
24-Apr-2023 14:33:44.537 INFO [main] org.apache.catalina.startup.VersionLoggerListener.log Número de versión de servidor:     8.5.87.0
24-Apr-2023 14:33:44.537 INFO [main] org.apache.catalina.startup.VersionLoggerListener.log OS Name:                           Windows 10
24-Apr-2023 14:33:44.537 INFO [main] org.apache.catalina.startup.VersionLoggerListener.log Versión de Systema Operativo:      10.0
24-Apr-2023 14:33:44.537 INFO [main] org.apache.catalina.startup.VersionLoggerListener.log Arquitectura:                      amd64
24-Apr-2023 14:33:44.538 INFO [main] org.apache.catalina.startup.VersionLoggerListener.log Java Home:                         C:\Program Files\Java\jdk-20
24-Apr-2023 14:33:44.539 INFO [main] org.apache.catalina.startup.VersionLoggerListener.log JVM Version:                       20+36-2344
24-Apr-2023 14:33:44.539 INFO [main] org.apache.catalina.startup.VersionLoggerListener.log Vededor JVM:                       Oracle Corporation
24-Apr-2023 14:33:44.539 INFO [main] org.apache.catalina.startup.VersionLoggerListener.log CATALINA_BASE:                     C:\Users\noeli\OneDrive\Documentos\Programador Web YoProgramo 2023\Portfolio_Backend\apache-tomcat-8.5.87
24-Apr-2023 14:33:44.539 INFO [main] org.apache.catalina.startup.VersionLoggerListener.log CATALINA_HOME:                     C:\Users\noeli\OneDrive\Documentos\Programador Web YoProgramo 2023\Portfolio_Backend\apache-tomcat-8.5.87
24-Apr-2023 14:33:44.544 INFO [main] org.apache.catalina.startup.VersionLoggerListener.log Command line argument:             --add-opens=java.base/java.lang=ALL-UNNAMED
24-Apr-2023 14:33:44.544 INFO [main] org.apache.catalina.startup.VersionLoggerListener.log Command line argument:             --add-opens=java.base/java.io=ALL-UNNAMED
24-Apr-2023 14:33:44.544 INFO [main] org.apache.catalina.startup.VersionLoggerListener.log Command line argument:             --add-opens=java.base/java.util=ALL-UNNAMED
24-Apr-2023 14:33:44.564 INFO [main] org.apache.catalina.startup.VersionLoggerListener.log Command line argument:             --add-opens=java.base/java.util.concurrent=ALL-UNNAMED
24-Apr-2023 14:33:44.564 INFO [main] org.apache.catalina.startup.VersionLoggerListener.log Command line argument:             --add-opens=java.rmi/sun.rmi.transport=ALL-UNNAMED
24-Apr-2023 14:33:44.564 INFO [main] org.apache.catalina.startup.VersionLoggerListener.log Command line argument:             -Djava.util.logging.config.file=C:\Users\noeli\OneDrive\Documentos\Programador Web YoProgramo 2023\Portfolio_Backend\apache-tomcat-8.5.87\conf\logging.properties
24-Apr-2023 14:33:44.565 INFO [main] org.apache.catalina.startup.VersionLoggerListener.log Command line argument:             -Djava.util.logging.manager=org.apache.juli.ClassLoaderLogManager
24-Apr-2023 14:33:44.565 INFO [main] org.apache.catalina.startup.VersionLoggerListener.log Command line argument:             -Djdk.tls.ephemeralDHKeySize=2048
24-Apr-2023 14:33:44.567 INFO [main] org.apache.catalina.startup.VersionLoggerListener.log Command line argument:             -Djava.protocol.handler.pkgs=org.apache.catalina.webresources
24-Apr-2023 14:33:44.567 INFO [main] org.apache.catalina.startup.VersionLoggerListener.log Command line argument:             -Dignore.endorsed.dirs=
24-Apr-2023 14:33:44.568 INFO [main] org.apache.catalina.startup.VersionLoggerListener.log Command line argument:             -Dcatalina.base=C:\Users\noeli\OneDrive\Documentos\Programador Web YoProgramo 2023\Portfolio_Backend\apache-tomcat-8.5.87
24-Apr-2023 14:33:44.568 INFO [main] org.apache.catalina.startup.VersionLoggerListener.log Command line argument:             -Dcatalina.home=C:\Users\noeli\OneDrive\Documentos\Programador Web YoProgramo 2023\Portfolio_Backend\apache-tomcat-8.5.87
24-Apr-2023 14:33:44.569 INFO [main] org.apache.catalina.startup.VersionLoggerListener.log Command line argument:             -Djava.io.tmpdir=C:\Users\noeli\OneDrive\Documentos\Programador Web YoProgramo 2023\Portfolio_Backend\apache-tomcat-8.5.87\temp
24-Apr-2023 14:33:44.622 INFO [main] org.apache.catalina.core.AprLifecycleListener.lifecycleEvent Cargada la biblioteca nativa APR de Apache Tomcat [1.2.36] con la versión APR [1.7.2].
24-Apr-2023 14:33:44.622 INFO [main] org.apache.catalina.core.AprLifecycleListener.lifecycleEvent Capacidades APR: IPv6 [true], enviar fichero [true], aceptar filtros [false], aleatorio [true], UDS [{4}].
24-Apr-2023 14:33:44.622 INFO [main] org.apache.catalina.core.AprLifecycleListener.lifecycleEvent APR/OpenSSL configuration: useAprConnector [false], useOpenSSL [true]
24-Apr-2023 14:33:45.114 INFO [main] org.apache.catalina.core.AprLifecycleListener.initializeSSL OpenSSL inicializado correctamente [OpenSSL 1.1.1t  7 Feb 2023]
24-Apr-2023 14:33:45.611 INFO [main] org.apache.coyote.AbstractProtocol.init Inicializando el manejador de protocolo ["http-nio-8080"]

24-Apr-2023 14:33:46.196 INFO [main] org.apache.catalina.startup.Catalina.load Initialization processed in 9010 ms
24-Apr-2023 14:33:46.916 INFO [main] org.apache.catalina.core.StandardService.startInternal Arrancando servicio [Catalina]
24-Apr-2023 14:33:46.916 INFO [main] org.apache.catalina.core.StandardEngine.startInternal Starting Servlet engine: [Apache Tomcat/8.5.87]
24-Apr-2023 14:33:47.056 INFO [localhost-startStop-1] org.apache.catalina.startup.HostConfig.deployDescriptor Desplieque del descriptor de configuración [C:\Users\noeli\OneDrive\Documentos\Programador Web YoProgramo 2023\Portfolio_Backend\apache-tomcat-8.5.87\conf\Catalina\localhost\PruebaJSP.xml]
24-Apr-2023 14:33:47.529 SEVERE [localhost-startStop-1] org.apache.catalina.core.ContainerBase.addChildInternal ContainerBase.addChild: start: 
	org.apache.catalina.LifecycleException: Failed to start component [org.apache.catalina.webresources.StandardRoot@153504d7]
		at org.apache.catalina.util.LifecycleBase.handleSubClassException(LifecycleBase.java:440)
		at org.apache.catalina.util.LifecycleBase.start(LifecycleBase.java:198)
		at org.apache.catalina.core.StandardContext.resourcesStart(StandardContext.java:4605)
		at org.apache.catalina.core.StandardContext.startInternal(StandardContext.java:4743)
		at org.apache.catalina.util.LifecycleBase.start(LifecycleBase.java:183)
		at org.apache.catalina.core.ContainerBase.addChildInternal(ContainerBase.java:711)
		at org.apache.catalina.core.ContainerBase.addChild(ContainerBase.java:688)
		at org.apache.catalina.core.StandardHost.addChild(StandardHost.java:661)
		at org.apache.catalina.startup.HostConfig.deployDescriptor(HostConfig.java:673)
		at org.apache.catalina.startup.HostConfig$DeployDescriptor.run(HostConfig.java:1881)
		at java.base/java.util.concurrent.Executors$RunnableAdapter.call(Executors.java:577)
		at java.base/java.util.concurrent.FutureTask.run(FutureTask.java:317)
		at java.base/java.util.concurrent.ThreadPoolExecutor.runWorker(ThreadPoolExecutor.java:1144)
		at java.base/java.util.concurrent.ThreadPoolExecutor$Worker.run(ThreadPoolExecutor.java:642)
		at java.base/java.lang.Thread.run(Thread.java:1623)
	Caused by: java.lang.IllegalArgumentException: The main resource set specified [C:\Users\noeli\OneDrive\Documentos\NetBeansProjects\PruebaJSP\build\web] is not valid
		at org.apache.catalina.webresources.StandardRoot.createMainResourceSet(StandardRoot.java:720)
		at org.apache.catalina.webresources.StandardRoot.startInternal(StandardRoot.java:678)
		at org.apache.catalina.util.LifecycleBase.start(LifecycleBase.java:183)
		... 13 more
24-Apr-2023 14:33:47.535 SEVERE [localhost-startStop-1] org.apache.catalina.startup.HostConfig.deployDescriptor Error durante el despliegue del descriptor de configuración [C:\Users\noeli\OneDrive\Documentos\Programador Web YoProgramo 2023\Portfolio_Backend\apache-tomcat-8.5.87\conf\Catalina\localhost\PruebaJSP.xml]
	java.lang.IllegalStateException: Error starting child
		at org.apache.catalina.core.ContainerBase.addChildInternal(ContainerBase.java:715)
		at org.apache.catalina.core.ContainerBase.addChild(ContainerBase.java:688)
		at org.apache.catalina.core.StandardHost.addChild(StandardHost.java:661)
		at org.apache.catalina.startup.HostConfig.deployDescriptor(HostConfig.java:673)
		at org.apache.catalina.startup.HostConfig$DeployDescriptor.run(HostConfig.java:1881)
		at java.base/java.util.concurrent.Executors$RunnableAdapter.call(Executors.java:577)
		at java.base/java.util.concurrent.FutureTask.run(FutureTask.java:317)
		at java.base/java.util.concurrent.ThreadPoolExecutor.runWorker(ThreadPoolExecutor.java:1144)
		at java.base/java.util.concurrent.ThreadPoolExecutor$Worker.run(ThreadPoolExecutor.java:642)
		at java.base/java.lang.Thread.run(Thread.java:1623)
	Caused by: org.apache.catalina.LifecycleException: Failed to start component [org.apache.catalina.webresources.StandardRoot@153504d7]
		at org.apache.catalina.util.LifecycleBase.handleSubClassException(LifecycleBase.java:440)
		at org.apache.catalina.util.LifecycleBase.start(LifecycleBase.java:198)
		at org.apache.catalina.core.StandardContext.resourcesStart(StandardContext.java:4605)
		at org.apache.catalina.core.StandardContext.startInternal(StandardContext.java:4743)
		at org.apache.catalina.util.LifecycleBase.start(LifecycleBase.java:183)
		at org.apache.catalina.core.ContainerBase.addChildInternal(ContainerBase.java:711)
		... 9 more
	Caused by: java.lang.IllegalArgumentException: The main resource set specified [C:\Users\noeli\OneDrive\Documentos\NetBeansProjects\PruebaJSP\build\web] is not valid
		at org.apache.catalina.webresources.StandardRoot.createMainResourceSet(StandardRoot.java:720)
		at org.apache.catalina.webresources.StandardRoot.startInternal(StandardRoot.java:678)
		at org.apache.catalina.util.LifecycleBase.start(LifecycleBase.java:183)
		... 13 more
24-Apr-2023 14:33:47.723 INFO [localhost-startStop-1] org.apache.catalina.startup.HostConfig.deployDescriptor Deployment of deployment descriptor [C:\Users\noeli\OneDrive\Documentos\Programador Web YoProgramo 2023\Portfolio_Backend\apache-tomcat-8.5.87\conf\Catalina\localhost\PruebaJSP.xml] has finished in [540] ms
24-Apr-2023 14:33:47.731 INFO [localhost-startStop-1] org.apache.catalina.startup.HostConfig.deployDirectory Desplegando el directorio [C:\Users\noeli\OneDrive\Documentos\Programador Web YoProgramo 2023\Portfolio_Backend\apache-tomcat-8.5.87\webapps\docs] de la aplicación web
24-Apr-2023 14:33:51.425 INFO [localhost-startStop-1] org.apache.jasper.servlet.TldScanner.scanJars Al menos un JAR, que se ha explorado buscando TLDs, aún no contenía TLDs. Activar historial de depuración para este historiador para una completa lista de los JARs que fueron explorados y de los que nos se halló TLDs. Saltarse JARs no necesarios durante la exploración puede dar lugar a una mejora de tiempo significativa en el arranque y compilación de JSP .
24-Apr-2023 14:33:51.949 WARNING [localhost-startStop-1] org.apache.catalina.util.SessionIdGeneratorBase.createSecureRandom Creation of SecureRandom instance for session ID generation using [SHA1PRNG] took [346] milliseconds.
24-Apr-2023 14:33:52.352 INFO [localhost-startStop-1] org.apache.catalina.startup.HostConfig.deployDirectory Deployment of web application directory [C:\Users\noeli\OneDrive\Documentos\Programador Web YoProgramo 2023\Portfolio_Backend\apache-tomcat-8.5.87\webapps\docs] has finished in [4.621] ms
24-Apr-2023 14:33:52.354 INFO [localhost-startStop-1] org.apache.catalina.startup.HostConfig.deployDirectory Desplegando el directorio [C:\Users\noeli\OneDrive\Documentos\Programador Web YoProgramo 2023\Portfolio_Backend\apache-tomcat-8.5.87\webapps\examples] de la aplicación web
24-Apr-2023 14:34:07.128 INFO [localhost-startStop-1] org.apache.jasper.servlet.TldScanner.scanJars Al menos un JAR, que se ha explorado buscando TLDs, aún no contenía TLDs. Activar historial de depuración para este historiador para una completa lista de los JARs que fueron explorados y de los que nos se halló TLDs. Saltarse JARs no necesarios durante la exploración puede dar lugar a una mejora de tiempo significativa en el arranque y compilación de JSP .
24-Apr-2023 14:34:07.634 INFO [localhost-startStop-1] org.apache.catalina.startup.HostConfig.deployDirectory Deployment of web application directory [C:\Users\noeli\OneDrive\Documentos\Programador Web YoProgramo 2023\Portfolio_Backend\apache-tomcat-8.5.87\webapps\examples] has finished in [15.280] ms
24-Apr-2023 14:34:07.635 INFO [localhost-startStop-1] org.apache.catalina.startup.HostConfig.deployDirectory Desplegando el directorio [C:\Users\noeli\OneDrive\Documentos\Programador Web YoProgramo 2023\Portfolio_Backend\apache-tomcat-8.5.87\webapps\host-manager] de la aplicación web
24-Apr-2023 14:34:08.605 INFO [localhost-startStop-1] org.apache.jasper.servlet.TldScanner.scanJars Al menos un JAR, que se ha explorado buscando TLDs, aún no contenía TLDs. Activar historial de depuración para este historiador para una completa lista de los JARs que fueron explorados y de los que nos se halló TLDs. Saltarse JARs no necesarios durante la exploración puede dar lugar a una mejora de tiempo significativa en el arranque y compilación de JSP .
24-Apr-2023 14:34:08.681 INFO [localhost-startStop-1] org.apache.catalina.startup.HostConfig.deployDirectory Deployment of web application directory [C:\Users\noeli\OneDrive\Documentos\Programador Web YoProgramo 2023\Portfolio_Backend\apache-tomcat-8.5.87\webapps\host-manager] has finished in [1.046] ms
24-Apr-2023 14:34:08.681 INFO [localhost-startStop-1] org.apache.catalina.startup.HostConfig.deployDirectory Desplegando el directorio [C:\Users\noeli\OneDrive\Documentos\Programador Web YoProgramo 2023\Portfolio_Backend\apache-tomcat-8.5.87\webapps\manager] de la aplicación web
24-Apr-2023 14:34:09.361 INFO [localhost-startStop-1] org.apache.jasper.servlet.TldScanner.scanJars Al menos un JAR, que se ha explorado buscando TLDs, aún no contenía TLDs. Activar historial de depuración para este historiador para una completa lista de los JARs que fueron explorados y de los que nos se halló TLDs. Saltarse JARs no necesarios durante la exploración puede dar lugar a una mejora de tiempo significativa en el arranque y compilación de JSP .
24-Apr-2023 14:34:09.426 INFO [localhost-startStop-1] org.apache.catalina.startup.HostConfig.deployDirectory Deployment of web application directory [C:\Users\noeli\OneDrive\Documentos\Programador Web YoProgramo 2023\Portfolio_Backend\apache-tomcat-8.5.87\webapps\manager] has finished in [745] ms
24-Apr-2023 14:34:09.435 INFO [localhost-startStop-1] org.apache.catalina.startup.HostConfig.deployDirectory Desplegando el directorio [C:\Users\noeli\OneDrive\Documentos\Programador Web YoProgramo 2023\Portfolio_Backend\apache-tomcat-8.5.87\webapps\ROOT] de la aplicación web
24-Apr-2023 14:34:09.951 INFO [localhost-startStop-1] org.apache.jasper.servlet.TldScanner.scanJars Al menos un JAR, que se ha explorado buscando TLDs, aún no contenía TLDs. Activar historial de depuración para este historiador para una completa lista de los JARs que fueron explorados y de los que nos se halló TLDs. Saltarse JARs no necesarios durante la exploración puede dar lugar a una mejora de tiempo significativa en el arranque y compilación de JSP .
24-Apr-2023 14:34:09.966 INFO [localhost-startStop-1] org.apache.catalina.startup.HostConfig.deployDirectory Deployment of web application directory [C:\Users\noeli\OneDrive\Documentos\Programador Web YoProgramo 2023\Portfolio_Backend\apache-tomcat-8.5.87\webapps\ROOT] has finished in [539] ms
24-Apr-2023 14:34:09.973 INFO [main] org.apache.coyote.AbstractProtocol.start Starting ProtocolHandler ["http-nio-8080"]
24-Apr-2023 14:34:10.692 INFO [main] org.apache.catalina.startup.Catalina.start Server startup in 24479 ms
24-Apr-2023 14:34:18.456 INFO [http-nio-8080-exec-5] org.apache.catalina.startup.HostConfig.undeploy Repliegue (undeploy) de la aplicación web que tiene como trayectoria de contexto [/PruebaJSP]
24-Apr-2023 14:34:18.776 INFO [http-nio-8080-exec-9] org.apache.catalina.startup.HostConfig.deployDescriptor Desplieque del descriptor de configuración [C:\Users\noeli\OneDrive\Documentos\Programador Web YoProgramo 2023\Portfolio_Backend\apache-tomcat-8.5.87\conf\Catalina\localhost\PruebaJSP.xml]
24-Apr-2023 14:34:29.144 INFO [http-nio-8080-exec-9] org.apache.jasper.servlet.TldScanner.scanJars Al menos un JAR, que se ha explorado buscando TLDs, aún no contenía TLDs. Activar historial de depuración para este historiador para una completa lista de los JARs que fueron explorados y de los que nos se halló TLDs. Saltarse JARs no necesarios durante la exploración puede dar lugar a una mejora de tiempo significativa en el arranque y compilación de JSP .
24-Apr-2023 14:34:29.200 INFO [http-nio-8080-exec-9] org.apache.catalina.startup.HostConfig.deployDescriptor Deployment of deployment descriptor [C:\Users\noeli\OneDrive\Documentos\Programador Web YoProgramo 2023\Portfolio_Backend\apache-tomcat-8.5.87\conf\Catalina\localhost\PruebaJSP.xml] has finished in [10.424] ms
24-Apr-2023 14:34:29.215 INFO [http-nio-8080-exec-9] org.apache.catalina.util.LifecycleBase.start The start() method was called on component [StandardEngine[Catalina].StandardHost[localhost].StandardContext[/PruebaJSP]] after start() had already been called. The second call will be ignored.
