16-Apr-2023 15:20:56.449 SEVERE [ContainerBackgroundProcessor[StandardEngine[Catalina]]] org.apache.catalina.core.StandardContext.filterStart Excepción arrancando filtro [HTTPMonitorFilter]
	java.lang.ClassNotFoundException: org.netbeans.modules.web.monitor.server.MonitorFilter
		at org.apache.catalina.loader.WebappClassLoaderBase.loadClass(WebappClassLoaderBase.java:1420)
		at org.apache.catalina.loader.WebappClassLoaderBase.loadClass(WebappClassLoaderBase.java:1228)
		at org.apache.catalina.core.DefaultInstanceManager.loadClass(DefaultInstanceManager.java:486)
		at org.apache.catalina.core.DefaultInstanceManager.loadClassMaybePrivileged(DefaultInstanceManager.java:468)
		at org.apache.catalina.core.DefaultInstanceManager.newInstance(DefaultInstanceManager.java:141)
		at org.apache.catalina.core.ApplicationFilterConfig.getFilter(ApplicationFilterConfig.java:252)
		at org.apache.catalina.core.ApplicationFilterConfig.<init>(ApplicationFilterConfig.java:100)
		at org.apache.catalina.core.StandardContext.filterStart(StandardContext.java:4343)
		at org.apache.catalina.core.StandardContext.startInternal(StandardContext.java:4976)
		at org.apache.catalina.util.LifecycleBase.start(LifecycleBase.java:183)
		at org.apache.catalina.core.StandardContext.reload(StandardContext.java:3574)
		at org.apache.catalina.startup.HostConfig.reload(HostConfig.java:1435)
		at org.apache.catalina.startup.HostConfig.checkResources(HostConfig.java:1407)
		at org.apache.catalina.startup.HostConfig.check(HostConfig.java:1646)
		at org.apache.catalina.startup.HostConfig.lifecycleEvent(HostConfig.java:314)
		at org.apache.catalina.util.LifecycleBase.fireLifecycleEvent(LifecycleBase.java:123)
		at org.apache.catalina.core.ContainerBase.backgroundProcess(ContainerBase.java:1109)
		at org.apache.catalina.core.ContainerBase$ContainerBackgroundProcessor.processChildren(ContainerBase.java:1331)
		at org.apache.catalina.core.ContainerBase$ContainerBackgroundProcessor.processChildren(ContainerBase.java:1335)
		at org.apache.catalina.core.ContainerBase$ContainerBackgroundProcessor.run(ContainerBase.java:1303)
		at java.base/java.lang.Thread.run(Thread.java:1623)
