19-Apr-2023 11:14:29.711 INFO [localhost-startStop-1] org.apache.catalina.core.ApplicationContext.log ContextListener: contextInitialized()
19-Apr-2023 11:14:29.711 INFO [localhost-startStop-1] org.apache.catalina.core.ApplicationContext.log SessionListener: contextInitialized()
19-Apr-2023 11:14:29.717 INFO [localhost-startStop-1] org.apache.catalina.core.ApplicationContext.log ContextListener: attributeAdded('StockTicker', 'async.Stockticker@1f5dd17b')
19-Apr-2023 12:04:12.812 INFO [localhost-startStop-1] org.apache.catalina.core.ApplicationContext.log ContextListener: contextInitialized()
19-Apr-2023 12:04:12.812 INFO [localhost-startStop-1] org.apache.catalina.core.ApplicationContext.log SessionListener: contextInitialized()
19-Apr-2023 12:04:12.821 INFO [localhost-startStop-1] org.apache.catalina.core.ApplicationContext.log ContextListener: attributeAdded('StockTicker', 'async.Stockticker@1f5dd17b')
19-Apr-2023 12:06:40.948 INFO [http-nio-8080-exec-11] org.apache.catalina.core.ApplicationContext.log Marcando el servlet [SvPersona] como no disponible
19-Apr-2023 12:06:40.948 SEVERE [http-nio-8080-exec-11] org.apache.catalina.core.StandardWrapperValve.invoke Excepción de reserva de espacio para servlet [SvPersona]
	java.sql.SQLException: Access denied for user 'root'@'localhost' (using password: NO)
		at com.mysql.cj.jdbc.exceptions.SQLError.createSQLException(SQLError.java:129)
		at com.mysql.cj.jdbc.exceptions.SQLExceptionsMapping.translateException(SQLExceptionsMapping.java:122)
		at com.mysql.cj.jdbc.ConnectionImpl.createNewIO(ConnectionImpl.java:824)
		at com.mysql.cj.jdbc.ConnectionImpl.<init>(ConnectionImpl.java:444)
		at com.mysql.cj.jdbc.ConnectionImpl.getInstance(ConnectionImpl.java:237)
		at com.mysql.cj.jdbc.NonRegisteringDriver.connect(NonRegisteringDriver.java:198)
		at java.sql/java.sql.DriverManager.getConnection(DriverManager.java:683)
		at java.sql/java.sql.DriverManager.getConnection(DriverManager.java:191)
		at org.eclipse.persistence.sessions.DefaultConnector.connect(DefaultConnector.java:100)
		at org.eclipse.persistence.sessions.DatasourceLogin.connectToDatasource(DatasourceLogin.java:172)
		at org.eclipse.persistence.internal.sessions.DatabaseSessionImpl.setOrDetectDatasource(DatabaseSessionImpl.java:225)
		at org.eclipse.persistence.internal.sessions.DatabaseSessionImpl.loginAndDetectDatasource(DatabaseSessionImpl.java:809)
		at org.eclipse.persistence.internal.jpa.EntityManagerFactoryProvider.login(EntityManagerFactoryProvider.java:261)
		at org.eclipse.persistence.internal.jpa.EntityManagerSetupImpl.deploy(EntityManagerSetupImpl.java:773)
		at org.eclipse.persistence.internal.jpa.EntityManagerFactoryDelegate.getAbstractSession(EntityManagerFactoryDelegate.java:222)
		at org.eclipse.persistence.internal.jpa.EntityManagerFactoryDelegate.getDatabaseSession(EntityManagerFactoryDelegate.java:200)
		at org.eclipse.persistence.internal.jpa.EntityManagerFactoryImpl.getDatabaseSession(EntityManagerFactoryImpl.java:542)
		at org.eclipse.persistence.jpa.PersistenceProvider.createEntityManagerFactoryImpl(PersistenceProvider.java:153)
		at org.eclipse.persistence.jpa.PersistenceProvider.createEntityManagerFactory(PersistenceProvider.java:191)
		at javax.persistence.Persistence.createEntityManagerFactory(Persistence.java:80)
		at javax.persistence.Persistence.createEntityManagerFactory(Persistence.java:55)
		at persistencia.PersonaJpaController.<init>(PersonaJpaController.java:23)
		at persistencia.ControladoraPersistencia.<init>(ControladoraPersistencia.java:11)
		at logica.Controladora.<init>(Controladora.java:8)
		at servlets.SvPersona.<init>(SvPersona.java:16)
		at java.base/jdk.internal.reflect.DirectConstructorHandleAccessor.newInstance(DirectConstructorHandleAccessor.java:67)
		at java.base/java.lang.reflect.Constructor.newInstanceWithCaller(Constructor.java:500)
		at java.base/java.lang.reflect.Constructor.newInstance(Constructor.java:484)
		at org.apache.catalina.core.DefaultInstanceManager.newInstance(DefaultInstanceManager.java:142)
		at org.apache.catalina.core.StandardWrapper.loadServlet(StandardWrapper.java:1021)
		at org.apache.catalina.core.StandardWrapper.allocate(StandardWrapper.java:748)
		at org.apache.catalina.core.StandardWrapperValve.invoke(StandardWrapperValve.java:115)
		at org.apache.catalina.core.StandardContextValve.invoke(StandardContextValve.java:90)
		at org.apache.catalina.authenticator.AuthenticatorBase.invoke(AuthenticatorBase.java:494)
		at org.apache.catalina.core.StandardHostValve.invoke(StandardHostValve.java:130)
		at org.apache.catalina.valves.ErrorReportValve.invoke(ErrorReportValve.java:93)
		at org.apache.catalina.valves.AbstractAccessLogValve.invoke(AbstractAccessLogValve.java:682)
		at org.apache.catalina.core.StandardEngineValve.invoke(StandardEngineValve.java:74)
		at org.apache.catalina.connector.CoyoteAdapter.service(CoyoteAdapter.java:343)
		at org.apache.coyote.http11.Http11Processor.service(Http11Processor.java:617)
		at org.apache.coyote.AbstractProcessorLight.process(AbstractProcessorLight.java:63)
		at org.apache.coyote.AbstractProtocol$ConnectionHandler.process(AbstractProtocol.java:932)
		at org.apache.tomcat.util.net.NioEndpoint$SocketProcessor.doRun(NioEndpoint.java:1695)
		at org.apache.tomcat.util.net.SocketProcessorBase.run(SocketProcessorBase.java:49)
		at org.apache.tomcat.util.threads.ThreadPoolExecutor.runWorker(ThreadPoolExecutor.java:1191)
		at org.apache.tomcat.util.threads.ThreadPoolExecutor$Worker.run(ThreadPoolExecutor.java:659)
		at org.apache.tomcat.util.threads.TaskThread$WrappingRunnable.run(TaskThread.java:61)
		at java.base/java.lang.Thread.run(Thread.java:1623)
19-Apr-2023 12:08:35.456 INFO [http-nio-8080-exec-14] org.apache.catalina.core.ApplicationContext.log Marcando el servlet [SvPersona] como no disponible
19-Apr-2023 12:08:35.456 SEVERE [http-nio-8080-exec-14] org.apache.catalina.core.StandardWrapperValve.invoke Excepción de reserva de espacio para servlet [SvPersona]
	java.sql.SQLException: Access denied for user 'root'@'localhost' (using password: NO)
		at com.mysql.cj.jdbc.exceptions.SQLError.createSQLException(SQLError.java:129)
		at com.mysql.cj.jdbc.exceptions.SQLExceptionsMapping.translateException(SQLExceptionsMapping.java:122)
		at com.mysql.cj.jdbc.ConnectionImpl.createNewIO(ConnectionImpl.java:824)
		at com.mysql.cj.jdbc.ConnectionImpl.<init>(ConnectionImpl.java:444)
		at com.mysql.cj.jdbc.ConnectionImpl.getInstance(ConnectionImpl.java:237)
		at com.mysql.cj.jdbc.NonRegisteringDriver.connect(NonRegisteringDriver.java:198)
		at java.sql/java.sql.DriverManager.getConnection(DriverManager.java:683)
		at java.sql/java.sql.DriverManager.getConnection(DriverManager.java:191)
		at org.eclipse.persistence.sessions.DefaultConnector.connect(DefaultConnector.java:100)
		at org.eclipse.persistence.sessions.DatasourceLogin.connectToDatasource(DatasourceLogin.java:172)
		at org.eclipse.persistence.internal.sessions.DatabaseSessionImpl.setOrDetectDatasource(DatabaseSessionImpl.java:225)
		at org.eclipse.persistence.internal.sessions.DatabaseSessionImpl.loginAndDetectDatasource(DatabaseSessionImpl.java:809)
		at org.eclipse.persistence.internal.jpa.EntityManagerFactoryProvider.login(EntityManagerFactoryProvider.java:261)
		at org.eclipse.persistence.internal.jpa.EntityManagerSetupImpl.deploy(EntityManagerSetupImpl.java:773)
		at org.eclipse.persistence.internal.jpa.EntityManagerFactoryDelegate.getAbstractSession(EntityManagerFactoryDelegate.java:222)
		at org.eclipse.persistence.internal.jpa.EntityManagerFactoryDelegate.getDatabaseSession(EntityManagerFactoryDelegate.java:200)
		at org.eclipse.persistence.internal.jpa.EntityManagerFactoryImpl.getDatabaseSession(EntityManagerFactoryImpl.java:542)
		at org.eclipse.persistence.jpa.PersistenceProvider.createEntityManagerFactoryImpl(PersistenceProvider.java:153)
		at org.eclipse.persistence.jpa.PersistenceProvider.createEntityManagerFactory(PersistenceProvider.java:191)
		at javax.persistence.Persistence.createEntityManagerFactory(Persistence.java:80)
		at javax.persistence.Persistence.createEntityManagerFactory(Persistence.java:55)
		at persistencia.PersonaJpaController.<init>(PersonaJpaController.java:23)
		at persistencia.ControladoraPersistencia.<init>(ControladoraPersistencia.java:11)
		at logica.Controladora.<init>(Controladora.java:8)
		at servlets.SvPersona.<init>(SvPersona.java:16)
		at java.base/jdk.internal.reflect.DirectConstructorHandleAccessor.newInstance(DirectConstructorHandleAccessor.java:67)
		at java.base/java.lang.reflect.Constructor.newInstanceWithCaller(Constructor.java:500)
		at java.base/java.lang.reflect.Constructor.newInstance(Constructor.java:484)
		at org.apache.catalina.core.DefaultInstanceManager.newInstance(DefaultInstanceManager.java:142)
		at org.apache.catalina.core.StandardWrapper.loadServlet(StandardWrapper.java:1021)
		at org.apache.catalina.core.StandardWrapper.allocate(StandardWrapper.java:748)
		at org.apache.catalina.core.StandardWrapperValve.invoke(StandardWrapperValve.java:115)
		at org.apache.catalina.core.StandardContextValve.invoke(StandardContextValve.java:90)
		at org.apache.catalina.authenticator.AuthenticatorBase.invoke(AuthenticatorBase.java:494)
		at org.apache.catalina.core.StandardHostValve.invoke(StandardHostValve.java:130)
		at org.apache.catalina.valves.ErrorReportValve.invoke(ErrorReportValve.java:93)
		at org.apache.catalina.valves.AbstractAccessLogValve.invoke(AbstractAccessLogValve.java:682)
		at org.apache.catalina.core.StandardEngineValve.invoke(StandardEngineValve.java:74)
		at org.apache.catalina.connector.CoyoteAdapter.service(CoyoteAdapter.java:343)
		at org.apache.coyote.http11.Http11Processor.service(Http11Processor.java:617)
		at org.apache.coyote.AbstractProcessorLight.process(AbstractProcessorLight.java:63)
		at org.apache.coyote.AbstractProtocol$ConnectionHandler.process(AbstractProtocol.java:932)
		at org.apache.tomcat.util.net.NioEndpoint$SocketProcessor.doRun(NioEndpoint.java:1695)
		at org.apache.tomcat.util.net.SocketProcessorBase.run(SocketProcessorBase.java:49)
		at org.apache.tomcat.util.threads.ThreadPoolExecutor.runWorker(ThreadPoolExecutor.java:1191)
		at org.apache.tomcat.util.threads.ThreadPoolExecutor$Worker.run(ThreadPoolExecutor.java:659)
		at org.apache.tomcat.util.threads.TaskThread$WrappingRunnable.run(TaskThread.java:61)
		at java.base/java.lang.Thread.run(Thread.java:1623)
19-Apr-2023 12:32:42.637 INFO [http-nio-8080-exec-39] org.apache.catalina.core.ApplicationContext.log Marcando el servlet [SvPersona] como no disponible
19-Apr-2023 12:32:42.638 SEVERE [http-nio-8080-exec-39] org.apache.catalina.core.StandardWrapperValve.invoke Excepción de reserva de espacio para servlet [SvPersona]
	java.sql.SQLException: Access denied for user 'root'@'localhost' (using password: NO)
		at com.mysql.cj.jdbc.exceptions.SQLError.createSQLException(SQLError.java:129)
		at com.mysql.cj.jdbc.exceptions.SQLExceptionsMapping.translateException(SQLExceptionsMapping.java:122)
		at com.mysql.cj.jdbc.ConnectionImpl.createNewIO(ConnectionImpl.java:824)
		at com.mysql.cj.jdbc.ConnectionImpl.<init>(ConnectionImpl.java:444)
		at com.mysql.cj.jdbc.ConnectionImpl.getInstance(ConnectionImpl.java:237)
		at com.mysql.cj.jdbc.NonRegisteringDriver.connect(NonRegisteringDriver.java:198)
		at java.sql/java.sql.DriverManager.getConnection(DriverManager.java:683)
		at java.sql/java.sql.DriverManager.getConnection(DriverManager.java:191)
		at org.eclipse.persistence.sessions.DefaultConnector.connect(DefaultConnector.java:100)
		at org.eclipse.persistence.sessions.DatasourceLogin.connectToDatasource(DatasourceLogin.java:172)
		at org.eclipse.persistence.internal.sessions.DatabaseSessionImpl.setOrDetectDatasource(DatabaseSessionImpl.java:225)
		at org.eclipse.persistence.internal.sessions.DatabaseSessionImpl.loginAndDetectDatasource(DatabaseSessionImpl.java:809)
		at org.eclipse.persistence.internal.jpa.EntityManagerFactoryProvider.login(EntityManagerFactoryProvider.java:261)
		at org.eclipse.persistence.internal.jpa.EntityManagerSetupImpl.deploy(EntityManagerSetupImpl.java:773)
		at org.eclipse.persistence.internal.jpa.EntityManagerFactoryDelegate.getAbstractSession(EntityManagerFactoryDelegate.java:222)
		at org.eclipse.persistence.internal.jpa.EntityManagerFactoryDelegate.getDatabaseSession(EntityManagerFactoryDelegate.java:200)
		at org.eclipse.persistence.internal.jpa.EntityManagerFactoryImpl.getDatabaseSession(EntityManagerFactoryImpl.java:542)
		at org.eclipse.persistence.jpa.PersistenceProvider.createEntityManagerFactoryImpl(PersistenceProvider.java:153)
		at org.eclipse.persistence.jpa.PersistenceProvider.createEntityManagerFactory(PersistenceProvider.java:191)
		at javax.persistence.Persistence.createEntityManagerFactory(Persistence.java:80)
		at javax.persistence.Persistence.createEntityManagerFactory(Persistence.java:55)
		at persistencia.PersonaJpaController.<init>(PersonaJpaController.java:23)
		at persistencia.ControladoraPersistencia.<init>(ControladoraPersistencia.java:11)
		at logica.Controladora.<init>(Controladora.java:8)
		at servlets.SvPersona.<init>(SvPersona.java:16)
		at java.base/jdk.internal.reflect.DirectConstructorHandleAccessor.newInstance(DirectConstructorHandleAccessor.java:67)
		at java.base/java.lang.reflect.Constructor.newInstanceWithCaller(Constructor.java:500)
		at java.base/java.lang.reflect.Constructor.newInstance(Constructor.java:484)
		at org.apache.catalina.core.DefaultInstanceManager.newInstance(DefaultInstanceManager.java:142)
		at org.apache.catalina.core.StandardWrapper.loadServlet(StandardWrapper.java:1021)
		at org.apache.catalina.core.StandardWrapper.allocate(StandardWrapper.java:748)
		at org.apache.catalina.core.StandardWrapperValve.invoke(StandardWrapperValve.java:115)
		at org.apache.catalina.core.StandardContextValve.invoke(StandardContextValve.java:90)
		at org.apache.catalina.authenticator.AuthenticatorBase.invoke(AuthenticatorBase.java:494)
		at org.apache.catalina.core.StandardHostValve.invoke(StandardHostValve.java:130)
		at org.apache.catalina.valves.ErrorReportValve.invoke(ErrorReportValve.java:93)
		at org.apache.catalina.valves.AbstractAccessLogValve.invoke(AbstractAccessLogValve.java:682)
		at org.apache.catalina.core.StandardEngineValve.invoke(StandardEngineValve.java:74)
		at org.apache.catalina.connector.CoyoteAdapter.service(CoyoteAdapter.java:343)
		at org.apache.coyote.http11.Http11Processor.service(Http11Processor.java:617)
		at org.apache.coyote.AbstractProcessorLight.process(AbstractProcessorLight.java:63)
		at org.apache.coyote.AbstractProtocol$ConnectionHandler.process(AbstractProtocol.java:932)
		at org.apache.tomcat.util.net.NioEndpoint$SocketProcessor.doRun(NioEndpoint.java:1695)
		at org.apache.tomcat.util.net.SocketProcessorBase.run(SocketProcessorBase.java:49)
		at org.apache.tomcat.util.threads.ThreadPoolExecutor.runWorker(ThreadPoolExecutor.java:1191)
		at org.apache.tomcat.util.threads.ThreadPoolExecutor$Worker.run(ThreadPoolExecutor.java:659)
		at org.apache.tomcat.util.threads.TaskThread$WrappingRunnable.run(TaskThread.java:61)
		at java.base/java.lang.Thread.run(Thread.java:1623)
19-Apr-2023 12:34:12.280 INFO [localhost-startStop-2] org.apache.catalina.core.ApplicationContext.log SessionListener: contextDestroyed()
19-Apr-2023 12:34:12.280 INFO [localhost-startStop-2] org.apache.catalina.core.ApplicationContext.log ContextListener: contextDestroyed()
